--------------------------------- Version Log ----------------------------------
Version                                 Path
System Generator 11.3.2055              
AccelDSP 11.3.2055                      AccelDSP
Matlab 7.8.0.347 (R2009a)               
ISE                                     
--------------------------------------------------------------------------------
Summary of Errors:
Error 0001: All Xilinx Blocks must be contained in a level of hierarc...
     Block: Unspecified
Error 0002: A summary of Sysgen errors has been written to /home/tfil...
     Block: 'pasp_16i16c128s/pasp/bram_adcscope_1/convert_din'
Error 0003: A summary of Sysgen errors has been written to /home/tfil...
     Block: 'pasp_16i16c128s/pasp/Concat1'
Error 0004: A summary of Sysgen errors has been written to /home/tfil...
     Block: 'pasp_16i16c128s/pasp/Gateway Out1'
Error 0005: A summary of Sysgen errors has been written to /home/tfil...
     Block: 'pasp_16i16c128s/pasp/Gateway Out10'
Error 0006: A summary of Sysgen errors has been written to /home/tfil...
     Block: 'pasp_16i16c128s/pasp/Gateway Out11'
Error 0007: A summary of Sysgen errors has been written to /home/tfil...
     Block: 'pasp_16i16c128s/pasp/Gateway Out12'
Error 0008: A summary of Sysgen errors has been written to /home/tfil...
     Block: 'pasp_16i16c128s/pasp/Gateway Out13'
Error 0009: A summary of Sysgen errors has been written to /home/tfil...
     Block: 'pasp_16i16c128s/pasp/Gateway Out14'
Error 0010: A summary of Sysgen errors has been written to /home/tfil...
     Block: 'pasp_16i16c128s/pasp/Gateway Out15'
Error 0011: A summary of Sysgen errors has been written to /home/tfil...
     Block: 'pasp_16i16c128s/pasp/Gateway Out16'
Error 0012: A summary of Sysgen errors has been written to /home/tfil...
     Block: 'pasp_16i16c128s/pasp/Gateway Out17'
Error 0013: A summary of Sysgen errors has been written to /home/tfil...
     Block: 'pasp_16i16c128s/pasp/Gateway Out18'
Error 0014: A summary of Sysgen errors has been written to /home/tfil...
     Block: 'pasp_16i16c128s/pasp/Gateway Out19'
Error 0015: A summary of Sysgen errors has been written to /home/tfil...
     Block: 'pasp_16i16c128s/pasp/Gateway Out2'
Error 0016: A summary of Sysgen errors has been written to /home/tfil...
     Block: 'pasp_16i16c128s/pasp/Gateway Out21'
Error 0017: A summary of Sysgen errors has been written to /home/tfil...
     Block: 'pasp_16i16c128s/pasp/Gateway Out22'
Error 0018: A summary of Sysgen errors has been written to /home/tfil...
     Block: 'pasp_16i16c128s/pasp/Gateway Out23'
Error 0019: A summary of Sysgen errors has been written to /home/tfil...
     Block: 'pasp_16i16c128s/pasp/Gateway Out24'
Error 0020: A summary of Sysgen errors has been written to /home/tfil...
     Block: 'pasp_16i16c128s/pasp/Gateway Out25'
Error 0021: A summary of Sysgen errors has been written to /home/tfil...
     Block: 'pasp_16i16c128s/pasp/Gateway Out26'
Error 0022: A summary of Sysgen errors has been written to /home/tfil...
     Block: 'pasp_16i16c128s/pasp/Gateway Out27'
Error 0023: A summary of Sysgen errors has been written to /home/tfil...
     Block: 'pasp_16i16c128s/pasp/Gateway Out28'
Error 0024: A summary of Sysgen errors has been written to /home/tfil...
     Block: 'pasp_16i16c128s/pasp/Gateway Out29'
Error 0025: A summary of Sysgen errors has been written to /home/tfil...
     Block: 'pasp_16i16c128s/pasp/Gateway Out3'
Error 0026: A summary of Sysgen errors has been written to /home/tfil...
     Block: 'pasp_16i16c128s/pasp/Gateway Out30'
Error 0027: A summary of Sysgen errors has been written to /home/tfil...
     Block: 'pasp_16i16c128s/pasp/Gateway Out4'
Error 0028: A summary of Sysgen errors has been written to /home/tfil...
     Block: 'pasp_16i16c128s/pasp/Gateway Out5'
Error 0029: A summary of Sysgen errors has been written to /home/tfil...
     Block: 'pasp_16i16c128s/pasp/Gateway Out8'
Error 0030: A summary of Sysgen errors has been written to /home/tfil...
     Block: 'pasp_16i16c128s/pasp/Reinterpret'
Error 0031: A summary of Sysgen errors has been written to /home/tfil...
     Block: 'pasp_16i16c128s/pasp/Reinterpret1'
Error 0032: A summary of Sysgen errors has been written to /home/tfil...
     Block: 'pasp_16i16c128s/pasp/Reinterpret10'
Error 0033: A summary of Sysgen errors has been written to /home/tfil...
     Block: 'pasp_16i16c128s/pasp/Reinterpret11'
Error 0034: A summary of Sysgen errors has been written to /home/tfil...
     Block: 'pasp_16i16c128s/pasp/Reinterpret2'
Error 0035: A summary of Sysgen errors has been written to /home/tfil...
     Block: 'pasp_16i16c128s/pasp/Reinterpret3'
Error 0036: A summary of Sysgen errors has been written to /home/tfil...
     Block: 'pasp_16i16c128s/pasp/Reinterpret8'
Error 0037: A summary of Sysgen errors has been written to /home/tfil...
     Block: 'pasp_16i16c128s/pasp/Reinterpret9'
Error 0038: A summary of Sysgen errors has been written to /home/tfil...
     Block: 'pasp_16i16c128s/pasp/Slice1'
Error 0039: A summary of Sysgen errors has been written to /home/tfil...
     Block: 'pasp_16i16c128s/pasp/Slice10'
Error 0040: A summary of Sysgen errors has been written to /home/tfil...
     Block: 'pasp_16i16c128s/pasp/Slice2'
Error 0041: A summary of Sysgen errors has been written to /home/tfil...
     Block: 'pasp_16i16c128s/pasp/Slice3'
Error 0042: A summary of Sysgen errors has been written to /home/tfil...
     Block: 'pasp_16i16c128s/pasp/Slice5'
Error 0043: A summary of Sysgen errors has been written to /home/tfil...
     Block: 'pasp_16i16c128s/pasp/Slice6'
Error 0044: A summary of Sysgen errors has been written to /home/tfil...
     Block: 'pasp_16i16c128s/pasp/Slice8'
Error 0045: A summary of Sysgen errors has been written to /home/tfil...
     Block: 'pasp_16i16c128s/pasp/adc/conv/Concat'
Error 0046: A summary of Sysgen errors has been written to /home/tfil...
     Block: 'pasp_16i16c128s/pasp/adc/conv/Inverter'
Error 0047: A summary of Sysgen errors has been written to /home/tfil...
     Block: 'pasp_16i16c128s/pasp/adc/conv/Reinterpret'
Error 0048: A summary of Sysgen errors has been written to /home/tfil...
     Block: 'pasp_16i16c128s/pasp/adc/conv/Slice'
Error 0049: A summary of Sysgen errors has been written to /home/tfil...
     Block: 'pasp_16i16c128s/pasp/adc/conv/Slice1'
Error 0050: A summary of Sysgen errors has been written to /home/tfil...
     Block: 'pasp_16i16c128s/pasp/adc/conv1/Concat'
Error 0051: A summary of Sysgen errors has been written to /home/tfil...
     Block: 'pasp_16i16c128s/pasp/adc/conv1/Inverter'
Error 0052: A summary of Sysgen errors has been written to /home/tfil...
     Block: 'pasp_16i16c128s/pasp/adc/conv1/Reinterpret'
Error 0053: A summary of Sysgen errors has been written to /home/tfil...
     Block: 'pasp_16i16c128s/pasp/adc/conv1/Slice'
Error 0054: A summary of Sysgen errors has been written to /home/tfil...
     Block: 'pasp_16i16c128s/pasp/adc/conv1/Slice1'
Error 0055: A summary of Sysgen errors has been written to /home/tfil...
     Block: 'pasp_16i16c128s/pasp/adc/conv2/Concat'
Error 0056: A summary of Sysgen errors has been written to /home/tfil...
     Block: 'pasp_16i16c128s/pasp/adc/conv2/Inverter'
Error 0057: A summary of Sysgen errors has been written to /home/tfil...
     Block: 'pasp_16i16c128s/pasp/adc/conv2/Reinterpret'
Error 0058: A summary of Sysgen errors has been written to /home/tfil...
     Block: 'pasp_16i16c128s/pasp/adc/conv2/Slice'
Error 0059: A summary of Sysgen errors has been written to /home/tfil...
     Block: 'pasp_16i16c128s/pasp/adc/conv2/Slice1'
Error 0060: A summary of Sysgen errors has been written to /home/tfil...
     Block: 'pasp_16i16c128s/pasp/adc/conv3/Concat'
Error 0061: A summary of Sysgen errors has been written to /home/tfil...
     Block: 'pasp_16i16c128s/pasp/adc/conv3/Inverter'
Error 0062: A summary of Sysgen errors has been written to /home/tfil...
     Block: 'pasp_16i16c128s/pasp/adc/conv3/Reinterpret'
Error 0063: A summary of Sysgen errors has been written to /home/tfil...
     Block: 'pasp_16i16c128s/pasp/adc/conv3/Slice'
Error 0064: A summary of Sysgen errors has been written to /home/tfil...
     Block: 'pasp_16i16c128s/pasp/adc/conv3/Slice1'
Error 0065: A summary of Sysgen errors has been written to /home/tfil...
     Block: 'pasp_16i16c128s/pasp/adc/conv4/Concat'
Error 0066: A summary of Sysgen errors has been written to /home/tfil...
     Block: 'pasp_16i16c128s/pasp/adc/conv4/Inverter'
Error 0067: A summary of Sysgen errors has been written to /home/tfil...
     Block: 'pasp_16i16c128s/pasp/adc/conv4/Reinterpret'
Error 0068: A summary of Sysgen errors has been written to /home/tfil...
     Block: 'pasp_16i16c128s/pasp/adc/conv4/Slice'
Error 0069: A summary of Sysgen errors has been written to /home/tfil...
     Block: 'pasp_16i16c128s/pasp/adc/conv4/Slice1'
Error 0070: A summary of Sysgen errors has been written to /home/tfil...
     Block: 'pasp_16i16c128s/pasp/adc/conv5/Concat'
Error 0071: A summary of Sysgen errors has been written to /home/tfil...
     Block: 'pasp_16i16c128s/pasp/adc/conv5/Inverter'
Error 0072: A summary of Sysgen errors has been written to /home/tfil...
     Block: 'pasp_16i16c128s/pasp/adc/conv5/Reinterpret'
Error 0073: A summary of Sysgen errors has been written to /home/tfil...
     Block: 'pasp_16i16c128s/pasp/adc/conv5/Slice'
Error 0074: A summary of Sysgen errors has been written to /home/tfil...
     Block: 'pasp_16i16c128s/pasp/adc/conv5/Slice1'
Error 0075: A summary of Sysgen errors has been written to /home/tfil...
     Block: 'pasp_16i16c128s/pasp/adc/conv6/Concat'
Error 0076: A summary of Sysgen errors has been written to /home/tfil...
     Block: 'pasp_16i16c128s/pasp/adc/conv6/Inverter'
Error 0077: A summary of Sysgen errors has been written to /home/tfil...
     Block: 'pasp_16i16c128s/pasp/adc/conv6/Reinterpret'
Error 0078: A summary of Sysgen errors has been written to /home/tfil...
     Block: 'pasp_16i16c128s/pasp/adc/conv6/Slice'
Error 0079: A summary of Sysgen errors has been written to /home/tfil...
     Block: 'pasp_16i16c128s/pasp/adc/conv6/Slice1'
Error 0080: A summary of Sysgen errors has been written to /home/tfil...
     Block: 'pasp_16i16c128s/pasp/adc/conv7/Concat'
Error 0081: A summary of Sysgen errors has been written to /home/tfil...
     Block: 'pasp_16i16c128s/pasp/adc/conv7/Inverter'
Error 0082: A summary of Sysgen errors has been written to /home/tfil...
     Block: 'pasp_16i16c128s/pasp/adc/conv7/Reinterpret'
Error 0083: A summary of Sysgen errors has been written to /home/tfil...
     Block: 'pasp_16i16c128s/pasp/adc/conv7/Slice'
Error 0084: A summary of Sysgen errors has been written to /home/tfil...
     Block: 'pasp_16i16c128s/pasp/adc/conv7/Slice1'
Error 0085: A summary of Sysgen errors has been written to /home/tfil...
     Block: 'pasp_16i16c128s/pasp/adc/pasp_16i16c128s_pasp_adc_user_data_valid'
Error 0086: A summary of Sysgen errors has been written to /home/tfil...
     Block: 'pasp_16i16c128s/pasp/adc/pasp_16i16c128s_pasp_adc_user_datai0'
Error 0087: A summary of Sysgen errors has been written to /home/tfil...
     Block: 'pasp_16i16c128s/pasp/adc/pasp_16i16c128s_pasp_adc_user_datai1'
Error 0088: A summary of Sysgen errors has been written to /home/tfil...
     Block: 'pasp_16i16c128s/pasp/adc/pasp_16i16c128s_pasp_adc_user_datai2'
Error 0089: A summary of Sysgen errors has been written to /home/tfil...
     Block: 'pasp_16i16c128s/pasp/adc/pasp_16i16c128s_pasp_adc_user_datai3'
Error 0090: A summary of Sysgen errors has been written to /home/tfil...
     Block: 'pasp_16i16c128s/pasp/adc/pasp_16i16c128s_pasp_adc_user_dataq0'
Error 0091: A summary of Sysgen errors has been written to /home/tfil...
     Block: 'pasp_16i16c128s/pasp/adc/pasp_16i16c128s_pasp_adc_user_dataq1'
Error 0092: A summary of Sysgen errors has been written to /home/tfil...
     Block: 'pasp_16i16c128s/pasp/adc/pasp_16i16c128s_pasp_adc_user_dataq2'
Error 0093: A summary of Sysgen errors has been written to /home/tfil...
     Block: 'pasp_16i16c128s/pasp/adc/pasp_16i16c128s_pasp_adc_user_dataq3'
Error 0094: A summary of Sysgen errors has been written to /home/tfil...
     Block: 'pasp_16i16c128s/pasp/adc/pasp_16i16c128s_pasp_adc_user_outofrangei0'
Error 0095: A summary of Sysgen errors has been written to /home/tfil...
     Block: 'pasp_16i16c128s/pasp/adc/pasp_16i16c128s_pasp_adc_user_outofrangei1'
Error 0096: A summary of Sysgen errors has been written to /home/tfil...
     Block: 'pasp_16i16c128s/pasp/adc/pasp_16i16c128s_pasp_adc_user_outofrangeq0'
Error 0097: A summary of Sysgen errors has been written to /home/tfil...
     Block: 'pasp_16i16c128s/pasp/adc/pasp_16i16c128s_pasp_adc_user_outofrangeq1'
Error 0098: A summary of Sysgen errors has been written to /home/tfil...
     Block: 'pasp_16i16c128s/pasp/adc/pasp_16i16c128s_pasp_adc_user_sync0'
Error 0099: A summary of Sysgen errors has been written to /home/tfil...
     Block: 'pasp_16i16c128s/pasp/adc/pasp_16i16c128s_pasp_adc_user_sync1'
Error 0100: A summary of Sysgen errors has been written to /home/tfil...
     Block: 'pasp_16i16c128s/pasp/adc/pasp_16i16c128s_pasp_adc_user_sync2'
Error 0101: A summary of Sysgen errors has been written to /home/tfil...
     Block: 'pasp_16i16c128s/pasp/adc/pasp_16i16c128s_pasp_adc_user_sync3'
Error 0102: A summary of Sysgen errors has been written to /home/tfil...
     Block: 'pasp_16i16c128s/pasp/adc_data_delay1'
Error 0103: A summary of Sysgen errors has been written to /home/tfil...
     Block: 'pasp_16i16c128s/pasp/adc_data_delay2'
Error 0104: A summary of Sysgen errors has been written to /home/tfil...
     Block: 'pasp_16i16c128s/pasp/adc_data_delay3'
Error 0105: A summary of Sysgen errors has been written to /home/tfil...
     Block: 'pasp_16i16c128s/pasp/adc_data_delay4'
Error 0106: A summary of Sysgen errors has been written to /home/tfil...
     Block: 'pasp_16i16c128s/pasp/adc_data_delay5'
Error 0107: A summary of Sysgen errors has been written to /home/tfil...
     Block: 'pasp_16i16c128s/pasp/adc_data_delay6'
Error 0108: A summary of Sysgen errors has been written to /home/tfil...
     Block: 'pasp_16i16c128s/pasp/adc_data_delay7'
Error 0109: A summary of Sysgen errors has been written to /home/tfil...
     Block: 'pasp_16i16c128s/pasp/adc_data_delay8'
Error 0110: A summary of Sysgen errors has been written to /home/tfil...
     Block: 'pasp_16i16c128s/pasp/bitselect_1/Convert_1'
Error 0111: A summary of Sysgen errors has been written to /home/tfil...
     Block: 'pasp_16i16c128s/pasp/bitselect_1/Convert_2'
Error 0112: A summary of Sysgen errors has been written to /home/tfil...
     Block: 'pasp_16i16c128s/pasp/bitselect_1/Convert_3'
Error 0113: A summary of Sysgen errors has been written to /home/tfil...
     Block: 'pasp_16i16c128s/pasp/bitselect_1/Convert_4'
Error 0114: A summary of Sysgen errors has been written to /home/tfil...
     Block: 'pasp_16i16c128s/pasp/bitselect_1/mux_bitselect'
Error 0115: A summary of Sysgen errors has been written to /home/tfil...
     Block: 'pasp_16i16c128s/pasp/bitselect_1/reint_bp_0'
Error 0116: A summary of Sysgen errors has been written to /home/tfil...
     Block: 'pasp_16i16c128s/pasp/bitselect_1/slc_bitselect_1'
Error 0117: A summary of Sysgen errors has been written to /home/tfil...
     Block: 'pasp_16i16c128s/pasp/bitselect_1/slc_bitselect_2'
Error 0118: A summary of Sysgen errors has been written to /home/tfil...
     Block: 'pasp_16i16c128s/pasp/bitselect_1/slc_bitselect_3'
Error 0119: A summary of Sysgen errors has been written to /home/tfil...
     Block: 'pasp_16i16c128s/pasp/bitselect_1/slc_bitselect_4'
Error 0120: A summary of Sysgen errors has been written to /home/tfil...
     Block: 'pasp_16i16c128s/pasp/bitselect_2/Convert_1'
Error 0121: A summary of Sysgen errors has been written to /home/tfil...
     Block: 'pasp_16i16c128s/pasp/bitselect_2/Convert_2'
Error 0122: A summary of Sysgen errors has been written to /home/tfil...
     Block: 'pasp_16i16c128s/pasp/bitselect_2/Convert_3'
Error 0123: A summary of Sysgen errors has been written to /home/tfil...
     Block: 'pasp_16i16c128s/pasp/bitselect_2/Convert_4'
Error 0124: A summary of Sysgen errors has been written to /home/tfil...
     Block: 'pasp_16i16c128s/pasp/bitselect_2/mux_bitselect'
Error 0125: A summary of Sysgen errors has been written to /home/tfil...
     Block: 'pasp_16i16c128s/pasp/bitselect_2/reint_bp_0'
Error 0126: A summary of Sysgen errors has been written to /home/tfil...
     Block: 'pasp_16i16c128s/pasp/bitselect_2/slc_bitselect_1'
Error 0127: A summary of Sysgen errors has been written to /home/tfil...
     Block: 'pasp_16i16c128s/pasp/bitselect_2/slc_bitselect_2'
Error 0128: A summary of Sysgen errors has been written to /home/tfil...
     Block: 'pasp_16i16c128s/pasp/bitselect_2/slc_bitselect_3'
Error 0129: A summary of Sysgen errors has been written to /home/tfil...
     Block: 'pasp_16i16c128s/pasp/bitselect_2/slc_bitselect_4'
Error 0130: A summary of Sysgen errors has been written to /home/tfil...
     Block: 'pasp_16i16c128s/pasp/bitselect_3/Convert_1'
Error 0131: A summary of Sysgen errors has been written to /home/tfil...
     Block: 'pasp_16i16c128s/pasp/bitselect_3/Convert_2'
Error 0132: A summary of Sysgen errors has been written to /home/tfil...
     Block: 'pasp_16i16c128s/pasp/bitselect_3/Convert_3'
Error 0133: A summary of Sysgen errors has been written to /home/tfil...
     Block: 'pasp_16i16c128s/pasp/bitselect_3/Convert_4'
Error 0134: A summary of Sysgen errors has been written to /home/tfil...
     Block: 'pasp_16i16c128s/pasp/bitselect_3/mux_bitselect'
Error 0135: A summary of Sysgen errors has been written to /home/tfil...
     Block: 'pasp_16i16c128s/pasp/bitselect_3/reint_bp_0'
Error 0136: A summary of Sysgen errors has been written to /home/tfil...
     Block: 'pasp_16i16c128s/pasp/bitselect_3/slc_bitselect_1'
Error 0137: A summary of Sysgen errors has been written to /home/tfil...
     Block: 'pasp_16i16c128s/pasp/bitselect_3/slc_bitselect_2'
Error 0138: A summary of Sysgen errors has been written to /home/tfil...
     Block: 'pasp_16i16c128s/pasp/bitselect_3/slc_bitselect_3'
Error 0139: A summary of Sysgen errors has been written to /home/tfil...
     Block: 'pasp_16i16c128s/pasp/bitselect_3/slc_bitselect_4'
Error 0140: A summary of Sysgen errors has been written to /home/tfil...
     Block: 'pasp_16i16c128s/pasp/bitselect_4/Convert_1'
Error 0141: A summary of Sysgen errors has been written to /home/tfil...
     Block: 'pasp_16i16c128s/pasp/bitselect_4/Convert_2'
Error 0142: A summary of Sysgen errors has been written to /home/tfil...
     Block: 'pasp_16i16c128s/pasp/bitselect_4/Convert_3'
Error 0143: A summary of Sysgen errors has been written to /home/tfil...
     Block: 'pasp_16i16c128s/pasp/bitselect_4/Convert_4'
Error 0144: A summary of Sysgen errors has been written to /home/tfil...
     Block: 'pasp_16i16c128s/pasp/bitselect_4/mux_bitselect'
Error 0145: A summary of Sysgen errors has been written to /home/tfil...
     Block: 'pasp_16i16c128s/pasp/bitselect_4/reint_bp_0'
Error 0146: A summary of Sysgen errors has been written to /home/tfil...
     Block: 'pasp_16i16c128s/pasp/bitselect_4/slc_bitselect_1'
Error 0147: A summary of Sysgen errors has been written to /home/tfil...
     Block: 'pasp_16i16c128s/pasp/bitselect_4/slc_bitselect_2'
Error 0148: A summary of Sysgen errors has been written to /home/tfil...
     Block: 'pasp_16i16c128s/pasp/bitselect_4/slc_bitselect_3'
Error 0149: A summary of Sysgen errors has been written to /home/tfil...
     Block: 'pasp_16i16c128s/pasp/bitselect_4/slc_bitselect_4'
Error 0150: A summary of Sysgen errors has been written to /home/tfil...
     Block: 'pasp_16i16c128s/pasp/bitselect_5/Convert_1'
Error 0151: A summary of Sysgen errors has been written to /home/tfil...
     Block: 'pasp_16i16c128s/pasp/bitselect_5/Convert_2'
Error 0152: A summary of Sysgen errors has been written to /home/tfil...
     Block: 'pasp_16i16c128s/pasp/bitselect_5/Convert_3'
Error 0153: A summary of Sysgen errors has been written to /home/tfil...
     Block: 'pasp_16i16c128s/pasp/bitselect_5/Convert_4'
Error 0154: A summary of Sysgen errors has been written to /home/tfil...
     Block: 'pasp_16i16c128s/pasp/bitselect_5/mux_bitselect'
Error 0155: A summary of Sysgen errors has been written to /home/tfil...
     Block: 'pasp_16i16c128s/pasp/bitselect_5/reint_bp_0'
Error 0156: A summary of Sysgen errors has been written to /home/tfil...
     Block: 'pasp_16i16c128s/pasp/bitselect_5/slc_bitselect_1'
Error 0157: A summary of Sysgen errors has been written to /home/tfil...
     Block: 'pasp_16i16c128s/pasp/bitselect_5/slc_bitselect_2'
Error 0158: A summary of Sysgen errors has been written to /home/tfil...
     Block: 'pasp_16i16c128s/pasp/bitselect_5/slc_bitselect_3'
Error 0159: A summary of Sysgen errors has been written to /home/tfil...
     Block: 'pasp_16i16c128s/pasp/bitselect_5/slc_bitselect_4'
Error 0160: A summary of Sysgen errors has been written to /home/tfil...
     Block: 'pasp_16i16c128s/pasp/bitselect_6/Convert_1'
--------------------------------------------------------------------------------

Error 0001:

Reported by:
  Unspecified

Details:
All Xilinx Blocks must be contained in a level of hierarchy with a
System Generator Token
--------------------------------------------------------------------------------

Error 0002:

Reported by:
  'pasp_16i16c128s/pasp/bram_adcscope_1/convert_din'

Details:
A summary of Sysgen errors has been written to /home/tfiliba/pasp/model_files_11_3/pasp_16i16c128s_sysgen_error.log
--------------------------------------------------------------------------------

Error 0003:

Reported by:
  'pasp_16i16c128s/pasp/Concat1'

Details:
A summary of Sysgen errors has been written to /home/tfiliba/pasp/model_files_11_3/pasp_16i16c128s_sysgen_error.log
--------------------------------------------------------------------------------

Error 0004:

Reported by:
  'pasp_16i16c128s/pasp/Gateway Out1'

Details:
A summary of Sysgen errors has been written to /home/tfiliba/pasp/model_files_11_3/pasp_16i16c128s_sysgen_error.log
--------------------------------------------------------------------------------

Error 0005:

Reported by:
  'pasp_16i16c128s/pasp/Gateway Out10'

Details:
A summary of Sysgen errors has been written to /home/tfiliba/pasp/model_files_11_3/pasp_16i16c128s_sysgen_error.log
--------------------------------------------------------------------------------

Error 0006:

Reported by:
  'pasp_16i16c128s/pasp/Gateway Out11'

Details:
A summary of Sysgen errors has been written to /home/tfiliba/pasp/model_files_11_3/pasp_16i16c128s_sysgen_error.log
--------------------------------------------------------------------------------

Error 0007:

Reported by:
  'pasp_16i16c128s/pasp/Gateway Out12'

Details:
A summary of Sysgen errors has been written to /home/tfiliba/pasp/model_files_11_3/pasp_16i16c128s_sysgen_error.log
--------------------------------------------------------------------------------

Error 0008:

Reported by:
  'pasp_16i16c128s/pasp/Gateway Out13'

Details:
A summary of Sysgen errors has been written to /home/tfiliba/pasp/model_files_11_3/pasp_16i16c128s_sysgen_error.log
--------------------------------------------------------------------------------

Error 0009:

Reported by:
  'pasp_16i16c128s/pasp/Gateway Out14'

Details:
A summary of Sysgen errors has been written to /home/tfiliba/pasp/model_files_11_3/pasp_16i16c128s_sysgen_error.log
--------------------------------------------------------------------------------

Error 0010:

Reported by:
  'pasp_16i16c128s/pasp/Gateway Out15'

Details:
A summary of Sysgen errors has been written to /home/tfiliba/pasp/model_files_11_3/pasp_16i16c128s_sysgen_error.log
--------------------------------------------------------------------------------

Error 0011:

Reported by:
  'pasp_16i16c128s/pasp/Gateway Out16'

Details:
A summary of Sysgen errors has been written to /home/tfiliba/pasp/model_files_11_3/pasp_16i16c128s_sysgen_error.log
--------------------------------------------------------------------------------

Error 0012:

Reported by:
  'pasp_16i16c128s/pasp/Gateway Out17'

Details:
A summary of Sysgen errors has been written to /home/tfiliba/pasp/model_files_11_3/pasp_16i16c128s_sysgen_error.log
--------------------------------------------------------------------------------

Error 0013:

Reported by:
  'pasp_16i16c128s/pasp/Gateway Out18'

Details:
A summary of Sysgen errors has been written to /home/tfiliba/pasp/model_files_11_3/pasp_16i16c128s_sysgen_error.log
--------------------------------------------------------------------------------

Error 0014:

Reported by:
  'pasp_16i16c128s/pasp/Gateway Out19'

Details:
A summary of Sysgen errors has been written to /home/tfiliba/pasp/model_files_11_3/pasp_16i16c128s_sysgen_error.log
--------------------------------------------------------------------------------

Error 0015:

Reported by:
  'pasp_16i16c128s/pasp/Gateway Out2'

Details:
A summary of Sysgen errors has been written to /home/tfiliba/pasp/model_files_11_3/pasp_16i16c128s_sysgen_error.log
--------------------------------------------------------------------------------

Error 0016:

Reported by:
  'pasp_16i16c128s/pasp/Gateway Out21'

Details:
A summary of Sysgen errors has been written to /home/tfiliba/pasp/model_files_11_3/pasp_16i16c128s_sysgen_error.log
--------------------------------------------------------------------------------

Error 0017:

Reported by:
  'pasp_16i16c128s/pasp/Gateway Out22'

Details:
A summary of Sysgen errors has been written to /home/tfiliba/pasp/model_files_11_3/pasp_16i16c128s_sysgen_error.log
--------------------------------------------------------------------------------

Error 0018:

Reported by:
  'pasp_16i16c128s/pasp/Gateway Out23'

Details:
A summary of Sysgen errors has been written to /home/tfiliba/pasp/model_files_11_3/pasp_16i16c128s_sysgen_error.log
--------------------------------------------------------------------------------

Error 0019:

Reported by:
  'pasp_16i16c128s/pasp/Gateway Out24'

Details:
A summary of Sysgen errors has been written to /home/tfiliba/pasp/model_files_11_3/pasp_16i16c128s_sysgen_error.log
--------------------------------------------------------------------------------

Error 0020:

Reported by:
  'pasp_16i16c128s/pasp/Gateway Out25'

Details:
A summary of Sysgen errors has been written to /home/tfiliba/pasp/model_files_11_3/pasp_16i16c128s_sysgen_error.log
--------------------------------------------------------------------------------

Error 0021:

Reported by:
  'pasp_16i16c128s/pasp/Gateway Out26'

Details:
A summary of Sysgen errors has been written to /home/tfiliba/pasp/model_files_11_3/pasp_16i16c128s_sysgen_error.log
--------------------------------------------------------------------------------

Error 0022:

Reported by:
  'pasp_16i16c128s/pasp/Gateway Out27'

Details:
A summary of Sysgen errors has been written to /home/tfiliba/pasp/model_files_11_3/pasp_16i16c128s_sysgen_error.log
--------------------------------------------------------------------------------

Error 0023:

Reported by:
  'pasp_16i16c128s/pasp/Gateway Out28'

Details:
A summary of Sysgen errors has been written to /home/tfiliba/pasp/model_files_11_3/pasp_16i16c128s_sysgen_error.log
--------------------------------------------------------------------------------

Error 0024:

Reported by:
  'pasp_16i16c128s/pasp/Gateway Out29'

Details:
A summary of Sysgen errors has been written to /home/tfiliba/pasp/model_files_11_3/pasp_16i16c128s_sysgen_error.log
--------------------------------------------------------------------------------

Error 0025:

Reported by:
  'pasp_16i16c128s/pasp/Gateway Out3'

Details:
A summary of Sysgen errors has been written to /home/tfiliba/pasp/model_files_11_3/pasp_16i16c128s_sysgen_error.log
--------------------------------------------------------------------------------

Error 0026:

Reported by:
  'pasp_16i16c128s/pasp/Gateway Out30'

Details:
A summary of Sysgen errors has been written to /home/tfiliba/pasp/model_files_11_3/pasp_16i16c128s_sysgen_error.log
--------------------------------------------------------------------------------

Error 0027:

Reported by:
  'pasp_16i16c128s/pasp/Gateway Out4'

Details:
A summary of Sysgen errors has been written to /home/tfiliba/pasp/model_files_11_3/pasp_16i16c128s_sysgen_error.log
--------------------------------------------------------------------------------

Error 0028:

Reported by:
  'pasp_16i16c128s/pasp/Gateway Out5'

Details:
A summary of Sysgen errors has been written to /home/tfiliba/pasp/model_files_11_3/pasp_16i16c128s_sysgen_error.log
--------------------------------------------------------------------------------

Error 0029:

Reported by:
  'pasp_16i16c128s/pasp/Gateway Out8'

Details:
A summary of Sysgen errors has been written to /home/tfiliba/pasp/model_files_11_3/pasp_16i16c128s_sysgen_error.log
--------------------------------------------------------------------------------

Error 0030:

Reported by:
  'pasp_16i16c128s/pasp/Reinterpret'

Details:
A summary of Sysgen errors has been written to /home/tfiliba/pasp/model_files_11_3/pasp_16i16c128s_sysgen_error.log
--------------------------------------------------------------------------------

Error 0031:

Reported by:
  'pasp_16i16c128s/pasp/Reinterpret1'

Details:
A summary of Sysgen errors has been written to /home/tfiliba/pasp/model_files_11_3/pasp_16i16c128s_sysgen_error.log
--------------------------------------------------------------------------------

Error 0032:

Reported by:
  'pasp_16i16c128s/pasp/Reinterpret10'

Details:
A summary of Sysgen errors has been written to /home/tfiliba/pasp/model_files_11_3/pasp_16i16c128s_sysgen_error.log
--------------------------------------------------------------------------------

Error 0033:

Reported by:
  'pasp_16i16c128s/pasp/Reinterpret11'

Details:
A summary of Sysgen errors has been written to /home/tfiliba/pasp/model_files_11_3/pasp_16i16c128s_sysgen_error.log
--------------------------------------------------------------------------------

Error 0034:

Reported by:
  'pasp_16i16c128s/pasp/Reinterpret2'

Details:
A summary of Sysgen errors has been written to /home/tfiliba/pasp/model_files_11_3/pasp_16i16c128s_sysgen_error.log
--------------------------------------------------------------------------------

Error 0035:

Reported by:
  'pasp_16i16c128s/pasp/Reinterpret3'

Details:
A summary of Sysgen errors has been written to /home/tfiliba/pasp/model_files_11_3/pasp_16i16c128s_sysgen_error.log
--------------------------------------------------------------------------------

Error 0036:

Reported by:
  'pasp_16i16c128s/pasp/Reinterpret8'

Details:
A summary of Sysgen errors has been written to /home/tfiliba/pasp/model_files_11_3/pasp_16i16c128s_sysgen_error.log
--------------------------------------------------------------------------------

Error 0037:

Reported by:
  'pasp_16i16c128s/pasp/Reinterpret9'

Details:
A summary of Sysgen errors has been written to /home/tfiliba/pasp/model_files_11_3/pasp_16i16c128s_sysgen_error.log
--------------------------------------------------------------------------------

Error 0038:

Reported by:
  'pasp_16i16c128s/pasp/Slice1'

Details:
A summary of Sysgen errors has been written to /home/tfiliba/pasp/model_files_11_3/pasp_16i16c128s_sysgen_error.log
--------------------------------------------------------------------------------

Error 0039:

Reported by:
  'pasp_16i16c128s/pasp/Slice10'

Details:
A summary of Sysgen errors has been written to /home/tfiliba/pasp/model_files_11_3/pasp_16i16c128s_sysgen_error.log
--------------------------------------------------------------------------------

Error 0040:

Reported by:
  'pasp_16i16c128s/pasp/Slice2'

Details:
A summary of Sysgen errors has been written to /home/tfiliba/pasp/model_files_11_3/pasp_16i16c128s_sysgen_error.log
--------------------------------------------------------------------------------

Error 0041:

Reported by:
  'pasp_16i16c128s/pasp/Slice3'

Details:
A summary of Sysgen errors has been written to /home/tfiliba/pasp/model_files_11_3/pasp_16i16c128s_sysgen_error.log
--------------------------------------------------------------------------------

Error 0042:

Reported by:
  'pasp_16i16c128s/pasp/Slice5'

Details:
A summary of Sysgen errors has been written to /home/tfiliba/pasp/model_files_11_3/pasp_16i16c128s_sysgen_error.log
--------------------------------------------------------------------------------

Error 0043:

Reported by:
  'pasp_16i16c128s/pasp/Slice6'

Details:
A summary of Sysgen errors has been written to /home/tfiliba/pasp/model_files_11_3/pasp_16i16c128s_sysgen_error.log
--------------------------------------------------------------------------------

Error 0044:

Reported by:
  'pasp_16i16c128s/pasp/Slice8'

Details:
A summary of Sysgen errors has been written to /home/tfiliba/pasp/model_files_11_3/pasp_16i16c128s_sysgen_error.log
--------------------------------------------------------------------------------

Error 0045:

Reported by:
  'pasp_16i16c128s/pasp/adc/conv/Concat'

Details:
A summary of Sysgen errors has been written to /home/tfiliba/pasp/model_files_11_3/pasp_16i16c128s_sysgen_error.log
--------------------------------------------------------------------------------

Error 0046:

Reported by:
  'pasp_16i16c128s/pasp/adc/conv/Inverter'

Details:
A summary of Sysgen errors has been written to /home/tfiliba/pasp/model_files_11_3/pasp_16i16c128s_sysgen_error.log
--------------------------------------------------------------------------------

Error 0047:

Reported by:
  'pasp_16i16c128s/pasp/adc/conv/Reinterpret'

Details:
A summary of Sysgen errors has been written to /home/tfiliba/pasp/model_files_11_3/pasp_16i16c128s_sysgen_error.log
--------------------------------------------------------------------------------

Error 0048:

Reported by:
  'pasp_16i16c128s/pasp/adc/conv/Slice'

Details:
A summary of Sysgen errors has been written to /home/tfiliba/pasp/model_files_11_3/pasp_16i16c128s_sysgen_error.log
--------------------------------------------------------------------------------

Error 0049:

Reported by:
  'pasp_16i16c128s/pasp/adc/conv/Slice1'

Details:
A summary of Sysgen errors has been written to /home/tfiliba/pasp/model_files_11_3/pasp_16i16c128s_sysgen_error.log
--------------------------------------------------------------------------------

Error 0050:

Reported by:
  'pasp_16i16c128s/pasp/adc/conv1/Concat'

Details:
A summary of Sysgen errors has been written to /home/tfiliba/pasp/model_files_11_3/pasp_16i16c128s_sysgen_error.log
--------------------------------------------------------------------------------

Error 0051:

Reported by:
  'pasp_16i16c128s/pasp/adc/conv1/Inverter'

Details:
A summary of Sysgen errors has been written to /home/tfiliba/pasp/model_files_11_3/pasp_16i16c128s_sysgen_error.log
--------------------------------------------------------------------------------

Error 0052:

Reported by:
  'pasp_16i16c128s/pasp/adc/conv1/Reinterpret'

Details:
A summary of Sysgen errors has been written to /home/tfiliba/pasp/model_files_11_3/pasp_16i16c128s_sysgen_error.log
--------------------------------------------------------------------------------

Error 0053:

Reported by:
  'pasp_16i16c128s/pasp/adc/conv1/Slice'

Details:
A summary of Sysgen errors has been written to /home/tfiliba/pasp/model_files_11_3/pasp_16i16c128s_sysgen_error.log
--------------------------------------------------------------------------------

Error 0054:

Reported by:
  'pasp_16i16c128s/pasp/adc/conv1/Slice1'

Details:
A summary of Sysgen errors has been written to /home/tfiliba/pasp/model_files_11_3/pasp_16i16c128s_sysgen_error.log
--------------------------------------------------------------------------------

Error 0055:

Reported by:
  'pasp_16i16c128s/pasp/adc/conv2/Concat'

Details:
A summary of Sysgen errors has been written to /home/tfiliba/pasp/model_files_11_3/pasp_16i16c128s_sysgen_error.log
--------------------------------------------------------------------------------

Error 0056:

Reported by:
  'pasp_16i16c128s/pasp/adc/conv2/Inverter'

Details:
A summary of Sysgen errors has been written to /home/tfiliba/pasp/model_files_11_3/pasp_16i16c128s_sysgen_error.log
--------------------------------------------------------------------------------

Error 0057:

Reported by:
  'pasp_16i16c128s/pasp/adc/conv2/Reinterpret'

Details:
A summary of Sysgen errors has been written to /home/tfiliba/pasp/model_files_11_3/pasp_16i16c128s_sysgen_error.log
--------------------------------------------------------------------------------

Error 0058:

Reported by:
  'pasp_16i16c128s/pasp/adc/conv2/Slice'

Details:
A summary of Sysgen errors has been written to /home/tfiliba/pasp/model_files_11_3/pasp_16i16c128s_sysgen_error.log
--------------------------------------------------------------------------------

Error 0059:

Reported by:
  'pasp_16i16c128s/pasp/adc/conv2/Slice1'

Details:
A summary of Sysgen errors has been written to /home/tfiliba/pasp/model_files_11_3/pasp_16i16c128s_sysgen_error.log
--------------------------------------------------------------------------------

Error 0060:

Reported by:
  'pasp_16i16c128s/pasp/adc/conv3/Concat'

Details:
A summary of Sysgen errors has been written to /home/tfiliba/pasp/model_files_11_3/pasp_16i16c128s_sysgen_error.log
--------------------------------------------------------------------------------

Error 0061:

Reported by:
  'pasp_16i16c128s/pasp/adc/conv3/Inverter'

Details:
A summary of Sysgen errors has been written to /home/tfiliba/pasp/model_files_11_3/pasp_16i16c128s_sysgen_error.log
--------------------------------------------------------------------------------

Error 0062:

Reported by:
  'pasp_16i16c128s/pasp/adc/conv3/Reinterpret'

Details:
A summary of Sysgen errors has been written to /home/tfiliba/pasp/model_files_11_3/pasp_16i16c128s_sysgen_error.log
--------------------------------------------------------------------------------

Error 0063:

Reported by:
  'pasp_16i16c128s/pasp/adc/conv3/Slice'

Details:
A summary of Sysgen errors has been written to /home/tfiliba/pasp/model_files_11_3/pasp_16i16c128s_sysgen_error.log
--------------------------------------------------------------------------------

Error 0064:

Reported by:
  'pasp_16i16c128s/pasp/adc/conv3/Slice1'

Details:
A summary of Sysgen errors has been written to /home/tfiliba/pasp/model_files_11_3/pasp_16i16c128s_sysgen_error.log
--------------------------------------------------------------------------------

Error 0065:

Reported by:
  'pasp_16i16c128s/pasp/adc/conv4/Concat'

Details:
A summary of Sysgen errors has been written to /home/tfiliba/pasp/model_files_11_3/pasp_16i16c128s_sysgen_error.log
--------------------------------------------------------------------------------

Error 0066:

Reported by:
  'pasp_16i16c128s/pasp/adc/conv4/Inverter'

Details:
A summary of Sysgen errors has been written to /home/tfiliba/pasp/model_files_11_3/pasp_16i16c128s_sysgen_error.log
--------------------------------------------------------------------------------

Error 0067:

Reported by:
  'pasp_16i16c128s/pasp/adc/conv4/Reinterpret'

Details:
A summary of Sysgen errors has been written to /home/tfiliba/pasp/model_files_11_3/pasp_16i16c128s_sysgen_error.log
--------------------------------------------------------------------------------

Error 0068:

Reported by:
  'pasp_16i16c128s/pasp/adc/conv4/Slice'

Details:
A summary of Sysgen errors has been written to /home/tfiliba/pasp/model_files_11_3/pasp_16i16c128s_sysgen_error.log
--------------------------------------------------------------------------------

Error 0069:

Reported by:
  'pasp_16i16c128s/pasp/adc/conv4/Slice1'

Details:
A summary of Sysgen errors has been written to /home/tfiliba/pasp/model_files_11_3/pasp_16i16c128s_sysgen_error.log
--------------------------------------------------------------------------------

Error 0070:

Reported by:
  'pasp_16i16c128s/pasp/adc/conv5/Concat'

Details:
A summary of Sysgen errors has been written to /home/tfiliba/pasp/model_files_11_3/pasp_16i16c128s_sysgen_error.log
--------------------------------------------------------------------------------

Error 0071:

Reported by:
  'pasp_16i16c128s/pasp/adc/conv5/Inverter'

Details:
A summary of Sysgen errors has been written to /home/tfiliba/pasp/model_files_11_3/pasp_16i16c128s_sysgen_error.log
--------------------------------------------------------------------------------

Error 0072:

Reported by:
  'pasp_16i16c128s/pasp/adc/conv5/Reinterpret'

Details:
A summary of Sysgen errors has been written to /home/tfiliba/pasp/model_files_11_3/pasp_16i16c128s_sysgen_error.log
--------------------------------------------------------------------------------

Error 0073:

Reported by:
  'pasp_16i16c128s/pasp/adc/conv5/Slice'

Details:
A summary of Sysgen errors has been written to /home/tfiliba/pasp/model_files_11_3/pasp_16i16c128s_sysgen_error.log
--------------------------------------------------------------------------------

Error 0074:

Reported by:
  'pasp_16i16c128s/pasp/adc/conv5/Slice1'

Details:
A summary of Sysgen errors has been written to /home/tfiliba/pasp/model_files_11_3/pasp_16i16c128s_sysgen_error.log
--------------------------------------------------------------------------------

Error 0075:

Reported by:
  'pasp_16i16c128s/pasp/adc/conv6/Concat'

Details:
A summary of Sysgen errors has been written to /home/tfiliba/pasp/model_files_11_3/pasp_16i16c128s_sysgen_error.log
--------------------------------------------------------------------------------

Error 0076:

Reported by:
  'pasp_16i16c128s/pasp/adc/conv6/Inverter'

Details:
A summary of Sysgen errors has been written to /home/tfiliba/pasp/model_files_11_3/pasp_16i16c128s_sysgen_error.log
--------------------------------------------------------------------------------

Error 0077:

Reported by:
  'pasp_16i16c128s/pasp/adc/conv6/Reinterpret'

Details:
A summary of Sysgen errors has been written to /home/tfiliba/pasp/model_files_11_3/pasp_16i16c128s_sysgen_error.log
--------------------------------------------------------------------------------

Error 0078:

Reported by:
  'pasp_16i16c128s/pasp/adc/conv6/Slice'

Details:
A summary of Sysgen errors has been written to /home/tfiliba/pasp/model_files_11_3/pasp_16i16c128s_sysgen_error.log
--------------------------------------------------------------------------------

Error 0079:

Reported by:
  'pasp_16i16c128s/pasp/adc/conv6/Slice1'

Details:
A summary of Sysgen errors has been written to /home/tfiliba/pasp/model_files_11_3/pasp_16i16c128s_sysgen_error.log
--------------------------------------------------------------------------------

Error 0080:

Reported by:
  'pasp_16i16c128s/pasp/adc/conv7/Concat'

Details:
A summary of Sysgen errors has been written to /home/tfiliba/pasp/model_files_11_3/pasp_16i16c128s_sysgen_error.log
--------------------------------------------------------------------------------

Error 0081:

Reported by:
  'pasp_16i16c128s/pasp/adc/conv7/Inverter'

Details:
A summary of Sysgen errors has been written to /home/tfiliba/pasp/model_files_11_3/pasp_16i16c128s_sysgen_error.log
--------------------------------------------------------------------------------

Error 0082:

Reported by:
  'pasp_16i16c128s/pasp/adc/conv7/Reinterpret'

Details:
A summary of Sysgen errors has been written to /home/tfiliba/pasp/model_files_11_3/pasp_16i16c128s_sysgen_error.log
--------------------------------------------------------------------------------

Error 0083:

Reported by:
  'pasp_16i16c128s/pasp/adc/conv7/Slice'

Details:
A summary of Sysgen errors has been written to /home/tfiliba/pasp/model_files_11_3/pasp_16i16c128s_sysgen_error.log
--------------------------------------------------------------------------------

Error 0084:

Reported by:
  'pasp_16i16c128s/pasp/adc/conv7/Slice1'

Details:
A summary of Sysgen errors has been written to /home/tfiliba/pasp/model_files_11_3/pasp_16i16c128s_sysgen_error.log
--------------------------------------------------------------------------------

Error 0085:

Reported by:
  'pasp_16i16c128s/pasp/adc/pasp_16i16c128s_pasp_adc_user_data_valid'

Details:
A summary of Sysgen errors has been written to /home/tfiliba/pasp/model_files_11_3/pasp_16i16c128s_sysgen_error.log
--------------------------------------------------------------------------------

Error 0086:

Reported by:
  'pasp_16i16c128s/pasp/adc/pasp_16i16c128s_pasp_adc_user_datai0'

Details:
A summary of Sysgen errors has been written to /home/tfiliba/pasp/model_files_11_3/pasp_16i16c128s_sysgen_error.log
--------------------------------------------------------------------------------

Error 0087:

Reported by:
  'pasp_16i16c128s/pasp/adc/pasp_16i16c128s_pasp_adc_user_datai1'

Details:
A summary of Sysgen errors has been written to /home/tfiliba/pasp/model_files_11_3/pasp_16i16c128s_sysgen_error.log
--------------------------------------------------------------------------------

Error 0088:

Reported by:
  'pasp_16i16c128s/pasp/adc/pasp_16i16c128s_pasp_adc_user_datai2'

Details:
A summary of Sysgen errors has been written to /home/tfiliba/pasp/model_files_11_3/pasp_16i16c128s_sysgen_error.log
--------------------------------------------------------------------------------

Error 0089:

Reported by:
  'pasp_16i16c128s/pasp/adc/pasp_16i16c128s_pasp_adc_user_datai3'

Details:
A summary of Sysgen errors has been written to /home/tfiliba/pasp/model_files_11_3/pasp_16i16c128s_sysgen_error.log
--------------------------------------------------------------------------------

Error 0090:

Reported by:
  'pasp_16i16c128s/pasp/adc/pasp_16i16c128s_pasp_adc_user_dataq0'

Details:
A summary of Sysgen errors has been written to /home/tfiliba/pasp/model_files_11_3/pasp_16i16c128s_sysgen_error.log
--------------------------------------------------------------------------------

Error 0091:

Reported by:
  'pasp_16i16c128s/pasp/adc/pasp_16i16c128s_pasp_adc_user_dataq1'

Details:
A summary of Sysgen errors has been written to /home/tfiliba/pasp/model_files_11_3/pasp_16i16c128s_sysgen_error.log
--------------------------------------------------------------------------------

Error 0092:

Reported by:
  'pasp_16i16c128s/pasp/adc/pasp_16i16c128s_pasp_adc_user_dataq2'

Details:
A summary of Sysgen errors has been written to /home/tfiliba/pasp/model_files_11_3/pasp_16i16c128s_sysgen_error.log
--------------------------------------------------------------------------------

Error 0093:

Reported by:
  'pasp_16i16c128s/pasp/adc/pasp_16i16c128s_pasp_adc_user_dataq3'

Details:
A summary of Sysgen errors has been written to /home/tfiliba/pasp/model_files_11_3/pasp_16i16c128s_sysgen_error.log
--------------------------------------------------------------------------------

Error 0094:

Reported by:
  'pasp_16i16c128s/pasp/adc/pasp_16i16c128s_pasp_adc_user_outofrangei0'

Details:
A summary of Sysgen errors has been written to /home/tfiliba/pasp/model_files_11_3/pasp_16i16c128s_sysgen_error.log
--------------------------------------------------------------------------------

Error 0095:

Reported by:
  'pasp_16i16c128s/pasp/adc/pasp_16i16c128s_pasp_adc_user_outofrangei1'

Details:
A summary of Sysgen errors has been written to /home/tfiliba/pasp/model_files_11_3/pasp_16i16c128s_sysgen_error.log
--------------------------------------------------------------------------------

Error 0096:

Reported by:
  'pasp_16i16c128s/pasp/adc/pasp_16i16c128s_pasp_adc_user_outofrangeq0'

Details:
A summary of Sysgen errors has been written to /home/tfiliba/pasp/model_files_11_3/pasp_16i16c128s_sysgen_error.log
--------------------------------------------------------------------------------

Error 0097:

Reported by:
  'pasp_16i16c128s/pasp/adc/pasp_16i16c128s_pasp_adc_user_outofrangeq1'

Details:
A summary of Sysgen errors has been written to /home/tfiliba/pasp/model_files_11_3/pasp_16i16c128s_sysgen_error.log
--------------------------------------------------------------------------------

Error 0098:

Reported by:
  'pasp_16i16c128s/pasp/adc/pasp_16i16c128s_pasp_adc_user_sync0'

Details:
A summary of Sysgen errors has been written to /home/tfiliba/pasp/model_files_11_3/pasp_16i16c128s_sysgen_error.log
--------------------------------------------------------------------------------

Error 0099:

Reported by:
  'pasp_16i16c128s/pasp/adc/pasp_16i16c128s_pasp_adc_user_sync1'

Details:
A summary of Sysgen errors has been written to /home/tfiliba/pasp/model_files_11_3/pasp_16i16c128s_sysgen_error.log
--------------------------------------------------------------------------------

Error 0100:

Reported by:
  'pasp_16i16c128s/pasp/adc/pasp_16i16c128s_pasp_adc_user_sync2'

Details:
A summary of Sysgen errors has been written to /home/tfiliba/pasp/model_files_11_3/pasp_16i16c128s_sysgen_error.log
--------------------------------------------------------------------------------

Error 0101:

Reported by:
  'pasp_16i16c128s/pasp/adc/pasp_16i16c128s_pasp_adc_user_sync3'

Details:
A summary of Sysgen errors has been written to /home/tfiliba/pasp/model_files_11_3/pasp_16i16c128s_sysgen_error.log
--------------------------------------------------------------------------------

Error 0102:

Reported by:
  'pasp_16i16c128s/pasp/adc_data_delay1'

Details:
A summary of Sysgen errors has been written to /home/tfiliba/pasp/model_files_11_3/pasp_16i16c128s_sysgen_error.log
--------------------------------------------------------------------------------

Error 0103:

Reported by:
  'pasp_16i16c128s/pasp/adc_data_delay2'

Details:
A summary of Sysgen errors has been written to /home/tfiliba/pasp/model_files_11_3/pasp_16i16c128s_sysgen_error.log
--------------------------------------------------------------------------------

Error 0104:

Reported by:
  'pasp_16i16c128s/pasp/adc_data_delay3'

Details:
A summary of Sysgen errors has been written to /home/tfiliba/pasp/model_files_11_3/pasp_16i16c128s_sysgen_error.log
--------------------------------------------------------------------------------

Error 0105:

Reported by:
  'pasp_16i16c128s/pasp/adc_data_delay4'

Details:
A summary of Sysgen errors has been written to /home/tfiliba/pasp/model_files_11_3/pasp_16i16c128s_sysgen_error.log
--------------------------------------------------------------------------------

Error 0106:

Reported by:
  'pasp_16i16c128s/pasp/adc_data_delay5'

Details:
A summary of Sysgen errors has been written to /home/tfiliba/pasp/model_files_11_3/pasp_16i16c128s_sysgen_error.log
--------------------------------------------------------------------------------

Error 0107:

Reported by:
  'pasp_16i16c128s/pasp/adc_data_delay6'

Details:
A summary of Sysgen errors has been written to /home/tfiliba/pasp/model_files_11_3/pasp_16i16c128s_sysgen_error.log
--------------------------------------------------------------------------------

Error 0108:

Reported by:
  'pasp_16i16c128s/pasp/adc_data_delay7'

Details:
A summary of Sysgen errors has been written to /home/tfiliba/pasp/model_files_11_3/pasp_16i16c128s_sysgen_error.log
--------------------------------------------------------------------------------

Error 0109:

Reported by:
  'pasp_16i16c128s/pasp/adc_data_delay8'

Details:
A summary of Sysgen errors has been written to /home/tfiliba/pasp/model_files_11_3/pasp_16i16c128s_sysgen_error.log
--------------------------------------------------------------------------------

Error 0110:

Reported by:
  'pasp_16i16c128s/pasp/bitselect_1/Convert_1'

Details:
A summary of Sysgen errors has been written to /home/tfiliba/pasp/model_files_11_3/pasp_16i16c128s_sysgen_error.log
--------------------------------------------------------------------------------

Error 0111:

Reported by:
  'pasp_16i16c128s/pasp/bitselect_1/Convert_2'

Details:
A summary of Sysgen errors has been written to /home/tfiliba/pasp/model_files_11_3/pasp_16i16c128s_sysgen_error.log
--------------------------------------------------------------------------------

Error 0112:

Reported by:
  'pasp_16i16c128s/pasp/bitselect_1/Convert_3'

Details:
A summary of Sysgen errors has been written to /home/tfiliba/pasp/model_files_11_3/pasp_16i16c128s_sysgen_error.log
--------------------------------------------------------------------------------

Error 0113:

Reported by:
  'pasp_16i16c128s/pasp/bitselect_1/Convert_4'

Details:
A summary of Sysgen errors has been written to /home/tfiliba/pasp/model_files_11_3/pasp_16i16c128s_sysgen_error.log
--------------------------------------------------------------------------------

Error 0114:

Reported by:
  'pasp_16i16c128s/pasp/bitselect_1/mux_bitselect'

Details:
A summary of Sysgen errors has been written to /home/tfiliba/pasp/model_files_11_3/pasp_16i16c128s_sysgen_error.log
--------------------------------------------------------------------------------

Error 0115:

Reported by:
  'pasp_16i16c128s/pasp/bitselect_1/reint_bp_0'

Details:
A summary of Sysgen errors has been written to /home/tfiliba/pasp/model_files_11_3/pasp_16i16c128s_sysgen_error.log
--------------------------------------------------------------------------------

Error 0116:

Reported by:
  'pasp_16i16c128s/pasp/bitselect_1/slc_bitselect_1'

Details:
A summary of Sysgen errors has been written to /home/tfiliba/pasp/model_files_11_3/pasp_16i16c128s_sysgen_error.log
--------------------------------------------------------------------------------

Error 0117:

Reported by:
  'pasp_16i16c128s/pasp/bitselect_1/slc_bitselect_2'

Details:
A summary of Sysgen errors has been written to /home/tfiliba/pasp/model_files_11_3/pasp_16i16c128s_sysgen_error.log
--------------------------------------------------------------------------------

Error 0118:

Reported by:
  'pasp_16i16c128s/pasp/bitselect_1/slc_bitselect_3'

Details:
A summary of Sysgen errors has been written to /home/tfiliba/pasp/model_files_11_3/pasp_16i16c128s_sysgen_error.log
--------------------------------------------------------------------------------

Error 0119:

Reported by:
  'pasp_16i16c128s/pasp/bitselect_1/slc_bitselect_4'

Details:
A summary of Sysgen errors has been written to /home/tfiliba/pasp/model_files_11_3/pasp_16i16c128s_sysgen_error.log
--------------------------------------------------------------------------------

Error 0120:

Reported by:
  'pasp_16i16c128s/pasp/bitselect_2/Convert_1'

Details:
A summary of Sysgen errors has been written to /home/tfiliba/pasp/model_files_11_3/pasp_16i16c128s_sysgen_error.log
--------------------------------------------------------------------------------

Error 0121:

Reported by:
  'pasp_16i16c128s/pasp/bitselect_2/Convert_2'

Details:
A summary of Sysgen errors has been written to /home/tfiliba/pasp/model_files_11_3/pasp_16i16c128s_sysgen_error.log
--------------------------------------------------------------------------------

Error 0122:

Reported by:
  'pasp_16i16c128s/pasp/bitselect_2/Convert_3'

Details:
A summary of Sysgen errors has been written to /home/tfiliba/pasp/model_files_11_3/pasp_16i16c128s_sysgen_error.log
--------------------------------------------------------------------------------

Error 0123:

Reported by:
  'pasp_16i16c128s/pasp/bitselect_2/Convert_4'

Details:
A summary of Sysgen errors has been written to /home/tfiliba/pasp/model_files_11_3/pasp_16i16c128s_sysgen_error.log
--------------------------------------------------------------------------------

Error 0124:

Reported by:
  'pasp_16i16c128s/pasp/bitselect_2/mux_bitselect'

Details:
A summary of Sysgen errors has been written to /home/tfiliba/pasp/model_files_11_3/pasp_16i16c128s_sysgen_error.log
--------------------------------------------------------------------------------

Error 0125:

Reported by:
  'pasp_16i16c128s/pasp/bitselect_2/reint_bp_0'

Details:
A summary of Sysgen errors has been written to /home/tfiliba/pasp/model_files_11_3/pasp_16i16c128s_sysgen_error.log
--------------------------------------------------------------------------------

Error 0126:

Reported by:
  'pasp_16i16c128s/pasp/bitselect_2/slc_bitselect_1'

Details:
A summary of Sysgen errors has been written to /home/tfiliba/pasp/model_files_11_3/pasp_16i16c128s_sysgen_error.log
--------------------------------------------------------------------------------

Error 0127:

Reported by:
  'pasp_16i16c128s/pasp/bitselect_2/slc_bitselect_2'

Details:
A summary of Sysgen errors has been written to /home/tfiliba/pasp/model_files_11_3/pasp_16i16c128s_sysgen_error.log
--------------------------------------------------------------------------------

Error 0128:

Reported by:
  'pasp_16i16c128s/pasp/bitselect_2/slc_bitselect_3'

Details:
A summary of Sysgen errors has been written to /home/tfiliba/pasp/model_files_11_3/pasp_16i16c128s_sysgen_error.log
--------------------------------------------------------------------------------

Error 0129:

Reported by:
  'pasp_16i16c128s/pasp/bitselect_2/slc_bitselect_4'

Details:
A summary of Sysgen errors has been written to /home/tfiliba/pasp/model_files_11_3/pasp_16i16c128s_sysgen_error.log
--------------------------------------------------------------------------------

Error 0130:

Reported by:
  'pasp_16i16c128s/pasp/bitselect_3/Convert_1'

Details:
A summary of Sysgen errors has been written to /home/tfiliba/pasp/model_files_11_3/pasp_16i16c128s_sysgen_error.log
--------------------------------------------------------------------------------

Error 0131:

Reported by:
  'pasp_16i16c128s/pasp/bitselect_3/Convert_2'

Details:
A summary of Sysgen errors has been written to /home/tfiliba/pasp/model_files_11_3/pasp_16i16c128s_sysgen_error.log
--------------------------------------------------------------------------------

Error 0132:

Reported by:
  'pasp_16i16c128s/pasp/bitselect_3/Convert_3'

Details:
A summary of Sysgen errors has been written to /home/tfiliba/pasp/model_files_11_3/pasp_16i16c128s_sysgen_error.log
--------------------------------------------------------------------------------

Error 0133:

Reported by:
  'pasp_16i16c128s/pasp/bitselect_3/Convert_4'

Details:
A summary of Sysgen errors has been written to /home/tfiliba/pasp/model_files_11_3/pasp_16i16c128s_sysgen_error.log
--------------------------------------------------------------------------------

Error 0134:

Reported by:
  'pasp_16i16c128s/pasp/bitselect_3/mux_bitselect'

Details:
A summary of Sysgen errors has been written to /home/tfiliba/pasp/model_files_11_3/pasp_16i16c128s_sysgen_error.log
--------------------------------------------------------------------------------

Error 0135:

Reported by:
  'pasp_16i16c128s/pasp/bitselect_3/reint_bp_0'

Details:
A summary of Sysgen errors has been written to /home/tfiliba/pasp/model_files_11_3/pasp_16i16c128s_sysgen_error.log
--------------------------------------------------------------------------------

Error 0136:

Reported by:
  'pasp_16i16c128s/pasp/bitselect_3/slc_bitselect_1'

Details:
A summary of Sysgen errors has been written to /home/tfiliba/pasp/model_files_11_3/pasp_16i16c128s_sysgen_error.log
--------------------------------------------------------------------------------

Error 0137:

Reported by:
  'pasp_16i16c128s/pasp/bitselect_3/slc_bitselect_2'

Details:
A summary of Sysgen errors has been written to /home/tfiliba/pasp/model_files_11_3/pasp_16i16c128s_sysgen_error.log
--------------------------------------------------------------------------------

Error 0138:

Reported by:
  'pasp_16i16c128s/pasp/bitselect_3/slc_bitselect_3'

Details:
A summary of Sysgen errors has been written to /home/tfiliba/pasp/model_files_11_3/pasp_16i16c128s_sysgen_error.log
--------------------------------------------------------------------------------

Error 0139:

Reported by:
  'pasp_16i16c128s/pasp/bitselect_3/slc_bitselect_4'

Details:
A summary of Sysgen errors has been written to /home/tfiliba/pasp/model_files_11_3/pasp_16i16c128s_sysgen_error.log
--------------------------------------------------------------------------------

Error 0140:

Reported by:
  'pasp_16i16c128s/pasp/bitselect_4/Convert_1'

Details:
A summary of Sysgen errors has been written to /home/tfiliba/pasp/model_files_11_3/pasp_16i16c128s_sysgen_error.log
--------------------------------------------------------------------------------

Error 0141:

Reported by:
  'pasp_16i16c128s/pasp/bitselect_4/Convert_2'

Details:
A summary of Sysgen errors has been written to /home/tfiliba/pasp/model_files_11_3/pasp_16i16c128s_sysgen_error.log
--------------------------------------------------------------------------------

Error 0142:

Reported by:
  'pasp_16i16c128s/pasp/bitselect_4/Convert_3'

Details:
A summary of Sysgen errors has been written to /home/tfiliba/pasp/model_files_11_3/pasp_16i16c128s_sysgen_error.log
--------------------------------------------------------------------------------

Error 0143:

Reported by:
  'pasp_16i16c128s/pasp/bitselect_4/Convert_4'

Details:
A summary of Sysgen errors has been written to /home/tfiliba/pasp/model_files_11_3/pasp_16i16c128s_sysgen_error.log
--------------------------------------------------------------------------------

Error 0144:

Reported by:
  'pasp_16i16c128s/pasp/bitselect_4/mux_bitselect'

Details:
A summary of Sysgen errors has been written to /home/tfiliba/pasp/model_files_11_3/pasp_16i16c128s_sysgen_error.log
--------------------------------------------------------------------------------

Error 0145:

Reported by:
  'pasp_16i16c128s/pasp/bitselect_4/reint_bp_0'

Details:
A summary of Sysgen errors has been written to /home/tfiliba/pasp/model_files_11_3/pasp_16i16c128s_sysgen_error.log
--------------------------------------------------------------------------------

Error 0146:

Reported by:
  'pasp_16i16c128s/pasp/bitselect_4/slc_bitselect_1'

Details:
A summary of Sysgen errors has been written to /home/tfiliba/pasp/model_files_11_3/pasp_16i16c128s_sysgen_error.log
--------------------------------------------------------------------------------

Error 0147:

Reported by:
  'pasp_16i16c128s/pasp/bitselect_4/slc_bitselect_2'

Details:
A summary of Sysgen errors has been written to /home/tfiliba/pasp/model_files_11_3/pasp_16i16c128s_sysgen_error.log
--------------------------------------------------------------------------------

Error 0148:

Reported by:
  'pasp_16i16c128s/pasp/bitselect_4/slc_bitselect_3'

Details:
A summary of Sysgen errors has been written to /home/tfiliba/pasp/model_files_11_3/pasp_16i16c128s_sysgen_error.log
--------------------------------------------------------------------------------

Error 0149:

Reported by:
  'pasp_16i16c128s/pasp/bitselect_4/slc_bitselect_4'

Details:
A summary of Sysgen errors has been written to /home/tfiliba/pasp/model_files_11_3/pasp_16i16c128s_sysgen_error.log
--------------------------------------------------------------------------------

Error 0150:

Reported by:
  'pasp_16i16c128s/pasp/bitselect_5/Convert_1'

Details:
A summary of Sysgen errors has been written to /home/tfiliba/pasp/model_files_11_3/pasp_16i16c128s_sysgen_error.log
--------------------------------------------------------------------------------

Error 0151:

Reported by:
  'pasp_16i16c128s/pasp/bitselect_5/Convert_2'

Details:
A summary of Sysgen errors has been written to /home/tfiliba/pasp/model_files_11_3/pasp_16i16c128s_sysgen_error.log
--------------------------------------------------------------------------------

Error 0152:

Reported by:
  'pasp_16i16c128s/pasp/bitselect_5/Convert_3'

Details:
A summary of Sysgen errors has been written to /home/tfiliba/pasp/model_files_11_3/pasp_16i16c128s_sysgen_error.log
--------------------------------------------------------------------------------

Error 0153:

Reported by:
  'pasp_16i16c128s/pasp/bitselect_5/Convert_4'

Details:
A summary of Sysgen errors has been written to /home/tfiliba/pasp/model_files_11_3/pasp_16i16c128s_sysgen_error.log
--------------------------------------------------------------------------------

Error 0154:

Reported by:
  'pasp_16i16c128s/pasp/bitselect_5/mux_bitselect'

Details:
A summary of Sysgen errors has been written to /home/tfiliba/pasp/model_files_11_3/pasp_16i16c128s_sysgen_error.log
--------------------------------------------------------------------------------

Error 0155:

Reported by:
  'pasp_16i16c128s/pasp/bitselect_5/reint_bp_0'

Details:
A summary of Sysgen errors has been written to /home/tfiliba/pasp/model_files_11_3/pasp_16i16c128s_sysgen_error.log
--------------------------------------------------------------------------------

Error 0156:

Reported by:
  'pasp_16i16c128s/pasp/bitselect_5/slc_bitselect_1'

Details:
A summary of Sysgen errors has been written to /home/tfiliba/pasp/model_files_11_3/pasp_16i16c128s_sysgen_error.log
--------------------------------------------------------------------------------

Error 0157:

Reported by:
  'pasp_16i16c128s/pasp/bitselect_5/slc_bitselect_2'

Details:
A summary of Sysgen errors has been written to /home/tfiliba/pasp/model_files_11_3/pasp_16i16c128s_sysgen_error.log
--------------------------------------------------------------------------------

Error 0158:

Reported by:
  'pasp_16i16c128s/pasp/bitselect_5/slc_bitselect_3'

Details:
A summary of Sysgen errors has been written to /home/tfiliba/pasp/model_files_11_3/pasp_16i16c128s_sysgen_error.log
--------------------------------------------------------------------------------

Error 0159:

Reported by:
  'pasp_16i16c128s/pasp/bitselect_5/slc_bitselect_4'

Details:
A summary of Sysgen errors has been written to /home/tfiliba/pasp/model_files_11_3/pasp_16i16c128s_sysgen_error.log
--------------------------------------------------------------------------------

Error 0160:

Reported by:
  'pasp_16i16c128s/pasp/bitselect_6/Convert_1'

Details:
A summary of Sysgen errors has been written to /home/tfiliba/pasp/model_files_11_3/pasp_16i16c128s_sysgen_error.log
--------------------------------------------------------------------------------
